[2026-06-06T23:20:03.139Z] GET http://localhost:3456/ → pending (?ms, ?B)
[2026-06-06T23:20:17.544Z] GET http://localhost:3456/ → 200 (20ms, ?B)
[2026-06-06T23:20:17.694Z] GET https://fonts.googleapis.com/css2?family=Caveat&display=swap → 200 (180ms, 1532B)
[2026-06-06T23:20:17.694Z] GET https://fonts.googleapis.com/css2?family=Patrick%20Hand&display=swap → 200 (184ms, 1294B)
[2026-06-06T23:20:17.694Z] GET https://fonts.googleapis.com/css2?family=Kalam&display=swap → 200 (185ms, 1185B)
[2026-06-06T23:20:17.694Z] GET https://fonts.googleapis.com/css2?family=Architects%20Daughter&display=swap → 200 (187ms, 927B)
[2026-06-06T23:20:17.694Z] GET https://fonts.googleapis.com/css2?family=Schoolbell&display=swap → 200 (248ms, 419B)
[2026-06-06T23:20:17.694Z] GET https://fonts.googleapis.com/css2?family=Comic%20Neue&display=swap → 200 (184ms, 417B)
[2026-06-06T23:20:17.694Z] GET https://fonts.googleapis.com/css2?family=Nanum%20Pen%20Script&display=swap → 200 (235ms, 59566B)
[2026-06-06T23:20:17.694Z] GET https://fonts.googleapis.com/css2?family=Gamja%20Flower&display=swap → 200 (248ms, 58450B)
[2026-06-06T23:20:17.694Z] GET https://fonts.googleapis.com/css2?family=Cute%20Font&display=swap → 200 (309ms, 54173B)
[2026-06-06T23:20:17.694Z] GET https://fonts.googleapis.com/css2?family=Do%20Hyeon&display=swap → 200 (289ms, 57148B)
[2026-06-06T23:20:17.694Z] GET https://fonts.googleapis.com/css2?family=Noto%20Sans%20KR&display=swap → 200 (265ms, 97626B)
[2026-06-06T23:20:17.878Z] GET https://fonts.gstatic.com/s/caveat/v23/WnznHAc5bAfYB2QRah7pcpNvOx-pjfJ9eIWpYT5Kmgq3sw.woff2 → 200 (322ms, 48864B)
[2026-06-06T23:26:29.681Z] GET http://localhost:3456/ → 200 (6ms, 44195B)
[2026-06-06T23:26:29.702Z] GET https://fonts.googleapis.com/css2?family=Kalam&display=swap → 200 (?ms, 1185B)
[2026-06-06T23:26:29.703Z] GET https://fonts.googleapis.com/css2?family=Nanum%20Myeongjo&display=swap → pending (?ms, ?B)
[2026-06-06T23:26:29.703Z] GET https://fonts.googleapis.com/css2?family=Cute%20Font&display=swap → 200 (1ms, 54173B)
[2026-06-06T23:26:29.704Z] GET https://fonts.gstatic.com/s/kalam/v18/YA9dr0Wd4kDdMthROCfhsCkA.woff2 → pending (?ms, ?B)
[2026-06-06T23:26:29.778Z] GET http://localhost:3456/ → 200 (2ms, 44195B)
[2026-06-06T23:26:29.788Z] GET https://fonts.googleapis.com/css2?family=Kalam&display=swap → 200 (?ms, 1185B)
[2026-06-06T23:26:29.788Z] GET https://fonts.googleapis.com/css2?family=Nanum%20Myeongjo&display=swap → 200 (81ms, 58073B)
[2026-06-06T23:26:29.788Z] GET https://fonts.googleapis.com/css2?family=Cute%20Font&display=swap → 200 (?ms, 54173B)
[2026-06-06T23:26:29.789Z] GET https://fonts.gstatic.com/s/kalam/v18/YA9dr0Wd4kDdMthROCfhsCkA.woff2 → 200 (98ms, 14040B)
[2026-06-06T23:34:33.690Z] GET http://localhost:3456/ → 200 (8ms, 46583B)
[2026-06-06T23:34:33.709Z] GET https://fonts.googleapis.com/css2?family=Kalam&display=swap → 200 (?ms, 1185B)
[2026-06-06T23:34:33.709Z] GET https://fonts.googleapis.com/css2?family=Nanum%20Myeongjo&display=swap → 200 (?ms, 58073B)
[2026-06-06T23:34:33.709Z] GET https://fonts.googleapis.com/css2?family=Cute%20Font&display=swap → 200 (1ms, 54173B)
[2026-06-06T23:34:33.711Z] GET https://fonts.gstatic.com/s/kalam/v18/YA9dr0Wd4kDdMthROCfhsCkA.woff2 → 200 (?ms, ?B)
[2026-06-06T23:34:33.783Z] GET http://localhost:3456/ → 200 (2ms, 46583B)
[2026-06-06T23:34:33.791Z] GET https://fonts.googleapis.com/css2?family=Kalam&display=swap → 200 (?ms, 1185B)
[2026-06-06T23:34:33.792Z] GET https://fonts.googleapis.com/css2?family=Nanum%20Myeongjo&display=swap → 200 (?ms, 58073B)
[2026-06-06T23:34:33.792Z] GET https://fonts.googleapis.com/css2?family=Cute%20Font&display=swap → 200 (?ms, 54173B)
[2026-06-06T23:34:33.793Z] GET https://fonts.gstatic.com/s/kalam/v18/YA9dr0Wd4kDdMthROCfhsCkA.woff2 → 200 (?ms, ?B)
[2026-06-06T23:36:04.264Z] GET http://localhost:3456/ → 200 (3ms, 46583B)
[2026-06-06T23:36:04.272Z] GET https://fonts.googleapis.com/css2?family=Kalam&display=swap → 200 (?ms, 1185B)
[2026-06-06T23:36:04.272Z] GET https://fonts.googleapis.com/css2?family=Nanum%20Myeongjo&display=swap → 200 (1ms, 58073B)
[2026-06-06T23:36:04.274Z] GET https://fonts.googleapis.com/css2?family=Cute%20Font&display=swap → 200 (?ms, 54173B)
[2026-06-06T23:36:04.274Z] GET https://fonts.gstatic.com/s/kalam/v18/YA9dr0Wd4kDdMthROCfhsCkA.woff2 → 200 (?ms, ?B)
[2026-06-06T23:36:23.127Z] GET https://fonts.gstatic.com/s/nanummyeongjo/v31/9Btx3DZF0dXLMZlywRbVRNhxy1LueHI8j7a277xGHHfvDTP5cQDfPh1ShL-7.115.woff2 → 200 (145ms, 14144B)
[2026-06-06T23:36:23.128Z] GET https://fonts.gstatic.com/s/nanummyeongjo/v31/9Btx3DZF0dXLMZlywRbVRNhxy1LueHI8j7a277xGHHfvDTP5cQDfPh1ShL-7.117.woff2 → 200 (143ms, 13396B)
[2026-06-06T23:36:23.128Z] GET https://fonts.gstatic.com/s/nanummyeongjo/v31/9Btx3DZF0dXLMZlywRbVRNhxy1LueHI8j7a277xGHHfvDTP5cQDfPh1ShL-7.118.woff2 → 200 (138ms, 12240B)
[2026-06-06T23:36:23.128Z] GET https://fonts.gstatic.com/s/nanummyeongjo/v31/9Btx3DZF0dXLMZlywRbVRNhxy1LueHI8j7a277xGHHfvDTP5cQDfPh1ShL-7.119.woff2 → 200 (94ms, 9596B)
[2026-06-06T23:36:23.128Z] GET https://fonts.gstatic.com/s/nanummyeongjo/v31/9Btx3DZF0dXLMZlywRbVRNhxy2LscnUejfyk.woff2 → 200 (117ms, 12884B)
[2026-06-06T23:36:23.128Z] GET https://fonts.gstatic.com/s/nanummyeongjo/v31/9Btx3DZF0dXLMZlywRbVRNhxy1LueHI8j7a277xGHHfvDTP5cQDfPh1ShL-7.112.woff2 → 200 (132ms, 14932B)
[2026-06-06T23:36:23.128Z] GET https://fonts.gstatic.com/s/nanummyeongjo/v31/9Btx3DZF0dXLMZlywRbVRNhxy1LueHI8j7a277xGHHfvDTP5cQDfPh1ShL-7.114.woff2 → 200 (84ms, 14604B)
